[main] INFO io.javalin.Javalin - 
       __                      __ _            __ __
      / /____ _ _   __ ____ _ / /(_)____      / // /
 __  / // __ `/| | / // __ `// // // __ \    / // /_
/ /_/ // /_/ / | |/ // /_/ // // // / / /   /__  __/
\____/ \__,_/  |___/ \__,_//_//_//_/ /_/      /_/

          https://javalin.io/documentation

[main] INFO org.eclipse.jetty.util.log - Logging initialized @327ms to org.eclipse.jetty.util.log.Slf4jLog
[main] INFO io.javalin.Javalin - Starting Javalin ...
[main] INFO io.javalin.Javalin - You are running Javalin 4.6.4 (released July 8, 2022. Your Javalin version is 134 days old. Consider checking for a newer version.).
[main] INFO io.javalin.Javalin - Listening on http://localhost:8080/
[main] INFO io.javalin.Javalin - Javalin started in 377ms \o/
[main] INFO org.portal.db.Connect - Received DB credentials
[main] INFO org.apache.cayenne.configuration.xml.XMLDataChannelDescriptorLoader - Loading XML configuration resource from file:/F:/sem%20infos/sem7/Capstone/work/generic-backend/back-end/build/resources/main/cayenne-project.xml
[main] INFO org.apache.cayenne.configuration.xml.XMLDataChannelDescriptorLoader - Loading XML DataMap resource from file:/F:/sem%20infos/sem7/Capstone/work/generic-backend/back-end/build/resources/main/datamap.map.xml
[main] INFO org.portal.db.Connect - Connection established!
[main] INFO org.portal.FlowEngine - >Starting the portal flow engine
[main] INFO org.portal.db.Connect - Received DB credentials
[main] INFO org.apache.cayenne.configuration.xml.XMLDataChannelDescriptorLoader - Loading XML configuration resource from file:/F:/sem%20infos/sem7/Capstone/work/generic-backend/back-end/build/resources/main/cayenne-project.xml
[main] INFO org.apache.cayenne.configuration.xml.XMLDataChannelDescriptorLoader - Loading XML DataMap resource from file:/F:/sem%20infos/sem7/Capstone/work/generic-backend/back-end/build/resources/main/datamap.map.xml
[main] INFO org.portal.db.Connect - Connection established!
[main] INFO org.apache.cayenne.datasource.DriverDataSource - Connecting to 'jdbc:mysql://127.0.0.1:3306/mydb' as 'root'
[main] INFO org.apache.cayenne.datasource.DriverDataSource - +++ Connecting: SUCCESS.
[main] INFO org.apache.cayenne.log.JdbcEventLogger - Detected and installed adapter: org.apache.cayenne.dba.mysql.MySQLAdapter
[main] INFO org.apache.cayenne.datasource.DriverDataSource - Connecting to 'jdbc:mysql://127.0.0.1:3306/mydb' as 'root'
[main] INFO org.apache.cayenne.datasource.DriverDataSource - +++ Connecting: SUCCESS.
[main] INFO org.apache.cayenne.log.JdbcEventLogger - --- transaction started.
[main] INFO org.apache.cayenne.log.JdbcEventLogger - SELECT t0.form_id, t0.status_id, t0.user_id, t0.submitted_form_id FROM mydb.submitted_form t0 
[main] INFO org.apache.cayenne.log.JdbcEventLogger - === returned 0 rows. - took 61 ms.
[main] INFO org.apache.cayenne.log.JdbcEventLogger - +++ transaction committed.
[JettyServerThreadPool-29] INFO org.portal.FlowEngine - GET handler for browsing available forms
